android/build/intermediates/manifest_merge_blame_file/release/manifest-merger-blame-release-report.txt
1<?xml version="1.0" encoding="utf-8"?>
2<manifest xmlns:android="http://schemas.android.com/apk/res/android"
3    package="com.tanguyantoine.react"
4    android:versionCode="1"
5    android:versionName="1.0" >
6
7    <uses-sdk
8        android:minSdkVersion="19"
8-->src/main/AndroidManifest.xml
9        android:targetSdkVersion="28" />
9-->src/main/AndroidManifest.xml
10
11    <application>
11-->src/main/AndroidManifest.xml:4:5-6:19
12        <service
12-->src/main/AndroidManifest.xml:5:9-110
13            android:name="com.tanguyantoine.react.MusicControlNotification$NotificationService"
13-->src/main/AndroidManifest.xml:5:47-107
14            android:stopWithTask="false" />
14-->src/main/AndroidManifest.xml:5:18-46
15    </application>
16
17</manifest>